TestXMlParser/proguard/seeds.txt
com.example.testtemplate.BuildConfig
com.example.testtemplate.GridBean
com.example.testtemplate.MainActivity
com.example.testtemplate.MainActivity: MainActivity()
com.example.testtemplate.MainTypeActivity
com.example.testtemplate.MainTypeActivity: MainTypeActivity()
com.example.testtemplate.MainTypeFragment
com.example.testtemplate.MainTypeFragment: android.support.v4.view.ViewPager viewPager
com.example.testtemplate.MainTypeFragment: android.widget.GridView gv_test
com.example.testtemplate.MainTypeFragment$$ViewInjector
com.example.testtemplate.MainTypeFragment$$ViewInjector: MainTypeFragment$$ViewInjector()
com.example.testtemplate.MainTypeFragment$$ViewInjector: void inject(butterknife.ButterKnife$Finder,com.example.testtemplate.MainTypeFragment,java.lang.Object)
com.example.testtemplate.MainTypeFragment$$ViewInjector: void reset(com.example.testtemplate.MainTypeFragment)
com.example.testtemplate.MainTypeFragment$1
com.example.testtemplate.MainTypeFragment$2
com.example.testtemplate.MainTypeFragment$3
com.example.testtemplate.MainTypeFragment$4
com.example.testtemplate.MainTypeFragment$5
com.example.testtemplate.MainTypeFragment$6
com.example.testtemplate.MainTypeFragment$MyAdapter
com.example.testtemplate.MainTypeFragment$MyPageAdapter
com.example.testtemplate.MySingletonVolley
com.example.testtemplate.MySingletonVolley$1
com.example.testtemplate.PlaceholderFragment
com.example.testtemplate.PlaceholderFragment$1
com.example.testtemplate.PlaceholderFragment$2
com.example.testtemplate.PlaceholderFragment$3
com.example.testtemplate.PlaceholderFragment$4
com.example.testtemplate.PlaceholderFragment$MyAdapter
com.example.testtemplate.PlaceholderFragment$MyPageConfig
com.example.testtemplate.R
com.example.testtemplate.R: R()
com.example.testtemplate.R$attr
com.example.testtemplate.R$attr: R$attr()
com.example.testtemplate.R$color
com.example.testtemplate.R$color: int black
com.example.testtemplate.R$color: int brown
com.example.testtemplate.R$color: int dark_gray
com.example.testtemplate.R$color: int gray
com.example.testtemplate.R$color: int gray_dark
com.example.testtemplate.R$color: int red
com.example.testtemplate.R$color: int white
com.example.testtemplate.R$color: R$color()
com.example.testtemplate.R$dimen
com.example.testtemplate.R$dimen: int activity_horizontal_margin
com.example.testtemplate.R$dimen: int activity_vertical_margin
com.example.testtemplate.R$dimen: R$dimen()
com.example.testtemplate.R$drawable
com.example.testtemplate.R$drawable: int background
com.example.testtemplate.R$drawable: int def_image
com.example.testtemplate.R$drawable: int err_image
com.example.testtemplate.R$drawable: int img1
com.example.testtemplate.R$drawable: int img2
com.example.testtemplate.R$drawable: int img3
com.example.testtemplate.R$drawable: int img4
com.example.testtemplate.R$drawable: int img5
com.example.testtemplate.R$drawable: int img6
com.example.testtemplate.R$drawable: int img7
com.example.testtemplate.R$drawable: R$drawable()
com.example.testtemplate.R$id
com.example.testtemplate.R$id: int action_mode1
com.example.testtemplate.R$id: int action_mode2
com.example.testtemplate.R$id: int action_settings
com.example.testtemplate.R$id: int btn_01
com.example.testtemplate.R$id: int btn_02
com.example.testtemplate.R$id: int btn_03
com.example.testtemplate.R$id: int btn_04
com.example.testtemplate.R$id: int container
com.example.testtemplate.R$id: int gv_test
com.example.testtemplate.R$id: int img_test
com.example.testtemplate.R$id: int img_viewpage
com.example.testtemplate.R$id: int ll_bottom
com.example.testtemplate.R$id: int pager
com.example.testtemplate.R$id: int rl_item
com.example.testtemplate.R$id: int tv_item
com.example.testtemplate.R$id: R$id()
...
android.support.v4.graphics.drawable.DrawableCompatHoneycomb
android.support.v4.graphics.drawable.DrawableCompatKitKat
android.support.v4.hardware.display.DisplayManagerCompat
android.support.v4.hardware.display.DisplayManagerCompat$JellybeanMr1Impl
android.support.v4.hardware.display.DisplayManagerCompat$LegacyImpl
android.support.v4.hardware.display.DisplayManagerJellybeanMr1
android.support.v4.internal.view.SupportMenu
android.support.v4.internal.view.SupportMenuItem
android.support.v4.internal.view.SupportSubMenu
android.support.v4.media.TransportController
android.support.v4.media.TransportMediator
android.support.v4.media.TransportMediator$1
android.support.v4.media.TransportMediator$2
android.support.v4.media.TransportMediatorCallback
android.support.v4.media.TransportMediatorJellybeanMR2
android.support.v4.media.TransportMediatorJellybeanMR2$1
android.support.v4.media.TransportMediatorJellybeanMR2$2
android.support.v4.media.TransportMediatorJellybeanMR2$3
android.support.v4.media.TransportMediatorJellybeanMR2$4
android.support.v4.media.TransportPerformer
android.support.v4.media.TransportStateListener
android.support.v4.net.ConnectivityManagerCompat
android.support.v4.net.ConnectivityManagerCompat$BaseConnectivityManagerCompatImpl
android.support.v4.net.ConnectivityManagerCompat$ConnectivityManagerCompatImpl
android.support.v4.net.ConnectivityManagerCompat$GingerbreadConnectivityManagerCompatImpl
android.support.v4.net.ConnectivityManagerCompat$HoneycombMR2ConnectivityManagerCompatImpl
android.support.v4.net.ConnectivityManagerCompat$JellyBeanConnectivityManagerCompatImpl
android.support.v4.net.ConnectivityManagerCompatGingerbread
android.support.v4.net.ConnectivityManagerCompatHoneycombMR2
android.support.v4.net.ConnectivityManagerCompatJellyBean
android.support.v4.net.TrafficStatsCompat
android.support.v4.net.TrafficStatsCompat$1
android.support.v4.net.TrafficStatsCompat$BaseTrafficStatsCompatImpl
android.support.v4.net.TrafficStatsCompat$BaseTrafficStatsCompatImpl$1
android.support.v4.net.TrafficStatsCompat$BaseTrafficStatsCompatImpl$SocketTags
android.support.v4.net.TrafficStatsCompat$IcsTrafficStatsCompatImpl
android.support.v4.net.TrafficStatsCompat$TrafficStatsCompatImpl
android.support.v4.net.TrafficStatsCompatIcs
android.support.v4.os.EnvironmentCompat
android.support.v4.os.EnvironmentCompatKitKat
android.support.v4.os.ParcelableCompat
android.support.v4.os.ParcelableCompat$CompatCreator
android.support.v4.os.ParcelableCompatCreatorCallbacks
android.support.v4.os.ParcelableCompatCreatorHoneycombMR2
android.support.v4.os.ParcelableCompatCreatorHoneycombMR2Stub
android.support.v4.print.PrintHelper
android.support.v4.print.PrintHelper$1
android.support.v4.print.PrintHelper$PrintHelperKitkatImpl
android.support.v4.print.PrintHelper$PrintHelperStubImpl
android.support.v4.print.PrintHelper$PrintHelperVersionImpl
android.support.v4.print.PrintHelperKitkat
android.support.v4.print.PrintHelperKitkat$1
android.support.v4.print.PrintHelperKitkat$2
android.support.v4.print.PrintHelperKitkat$2$1
android.support.v4.print.PrintHelperKitkat$2$1$1
android.support.v4.text.BidiFormatter
android.support.v4.text.BidiFormatter$1
android.support.v4.text.BidiFormatter$Builder
android.support.v4.text.BidiFormatter$DirectionalityEstimator
android.support.v4.text.ICUCompat
android.support.v4.text.ICUCompat$ICUCompatImpl
android.support.v4.text.ICUCompat$ICUCompatImplBase
android.support.v4.text.ICUCompat$ICUCompatImplIcs
android.support.v4.text.ICUCompatIcs
android.support.v4.text.TextDirectionHeuristicCompat
android.support.v4.text.TextDirectionHeuristicsCompat
android.support.v4.text.TextDirectionHeuristicsCompat$1
android.support.v4.text.TextDirectionHeuristicsCompat$AnyStrong
android.support.v4.text.TextDirectionHeuristicsCompat$FirstStrong
android.support.v4.text.TextDirectionHeuristicsCompat$TextDirectionAlgorithm
android.support.v4.text.TextDirectionHeuristicsCompat$TextDirectionHeuristicImpl