TestXMlParser/proguard/mapping.txt
com.example.testtemplate.GridBean -> com.example.testtemplate.GridBean:
    android.graphics.drawable.Drawable drawable -> a
    java.lang.String text -> b
    int backgroundColor -> c
    android.graphics.drawable.Drawable getDrawable() -> a
    void setDrawable(android.graphics.drawable.Drawable) -> a
    java.lang.String getText() -> b
    void setText(java.lang.String) -> a
    int getBackgroundColor() -> c
    void setBackgroundColor(int) -> a
com.example.testtemplate.MainActivity -> com.example.testtemplate.MainActivity:
    com.example.testtemplate.PlaceholderFragment placeHolderFragment -> a
    void onCreate(android.os.Bundle) -> onCreate
    boolean onCreateOptionsMenu(android.view.Menu) -> onCreateOptionsMenu
    boolean onOptionsItemSelected(android.view.MenuItem) -> onOptionsItemSelected
    void onDestroy() -> onDestroy
com.example.testtemplate.MainTypeActivity -> com.example.testtemplate.MainTypeActivity:
    void onCreate(android.os.Bundle) -> onCreate
    boolean onCreateOptionsMenu(android.view.Menu) -> onCreateOptionsMenu
    boolean onOptionsItemSelected(android.view.MenuItem) -> onOptionsItemSelected
com.example.testtemplate.MainTypeFragment -> com.example.testtemplate.MainTypeFragment:
    android.support.v4.view.ViewPager viewPager -> a
    android.widget.GridView gv_test -> b
    java.util.List pageViewList -> c
    java.io.InputStream localDataXMLInputStream -> d
    int gridCount -> e
    java.util.List datalist -> f
    android.view.View onCreateView(android.view.LayoutInflater,android.view.ViewGroup,android.os.Bundle) -> onCreateView
    void onActivityCreated(android.os.Bundle) -> onActivityCreated
    java.io.InputStream getLocalDataXMLInputStream() -> a
    void initViewPager() -> b
    void onDestroyView() -> onDestroyView
    java.util.List access$0(com.example.testtemplate.MainTypeFragment) -> a
    void access$1(com.example.testtemplate.MainTypeFragment,int) -> a
com.example.testtemplate.MainTypeFragment$$ViewInjector -> com.example.testtemplate.MainTypeFragment$$ViewInjector:
    void inject(butterknife.ButterKnife$Finder,com.example.testtemplate.MainTypeFragment,java.lang.Object) -> inject
    void reset(com.example.testtemplate.MainTypeFragment) -> reset
com.example.testtemplate.MainTypeFragment$1 -> com.example.testtemplate.MainTypeFragment$1:
    com.example.testtemplate.MainTypeFragment this$0 -> a
    void end(java.lang.String) -> end
    void start(org.xml.sax.Attributes) -> start
com.example.testtemplate.MainTypeFragment$2 -> com.example.testtemplate.MainTypeFragment$2:
    com.example.testtemplate.MainTypeFragment this$0 -> a
    com.example.testtemplate.Type2GridBean val$type2GridBean -> b
    void end() -> end
com.example.testtemplate.MainTypeFragment$3 -> com.example.testtemplate.MainTypeFragment$3:
    com.example.testtemplate.Type2GridBean val$type2GridBean -> a
    void end(java.lang.String) -> end
com.example.testtemplate.MainTypeFragment$4 -> com.example.testtemplate.MainTypeFragment$4:
    com.example.testtemplate.Type2GridBean val$type2GridBean -> a
    void end(java.lang.String) -> end
com.example.testtemplate.MainTypeFragment$5 -> com.example.testtemplate.MainTypeFragment$5:
    com.example.testtemplate.Type2GridBean val$type2GridBean -> a
    void end(java.lang.String) -> end
com.example.testtemplate.MainTypeFragment$6 -> com.example.testtemplate.MainTypeFragment$6:
    com.example.testtemplate.Type2GridBean val$type2GridBean -> a
    void end(java.lang.String) -> end
com.example.testtemplate.MainTypeFragment$MyAdapter -> com.example.testtemplate.MainTypeFragment$MyAdapter:
    com.example.testtemplate.MainTypeFragment this$0 -> a
    int getCount() -> getCount
    java.lang.Object getItem(int) -> getItem
    long getItemId(int) -> getItemId
    android.view.View getView(int,android.view.View,android.view.ViewGroup) -> getView
    int getViewTypeCount() -> getViewTypeCount
    int getItemViewType(int) -> getItemViewType
...
android.support.v4.view.accessibility.AccessibilityNodeProviderCompat$AccessibilityNodeProviderJellyBeanImpl -> android.support.v4.view.accessibility.AccessibilityNodeProviderCompat$AccessibilityNodeProviderJellyBeanImpl:
    java.lang.Object newAccessibilityNodeProviderBridge(android.support.v4.view.accessibility.AccessibilityNodeProviderCompat) -> a
android.support.v4.view.accessibility.AccessibilityNodeProviderCompat$AccessibilityNodeProviderJellyBeanImpl$1 -> android.support.v4.view.accessibility.AccessibilityNodeProviderCompat$AccessibilityNodeProviderJellyBeanImpl$1:
    android.support.v4.view.accessibility.AccessibilityNodeProviderCompat val$compat -> a
    boolean performAction(int,int,android.os.Bundle) -> a
    java.util.List findAccessibilityNodeInfosByText(java.lang.String,int) -> a
    java.lang.Object createAccessibilityNodeInfo(int) -> a
android.support.v4.view.accessibility.AccessibilityNodeProviderCompat$AccessibilityNodeProviderKitKatImpl -> android.support.v4.view.accessibility.AccessibilityNodeProviderCompat$AccessibilityNodeProviderKitKatImpl:
    java.lang.Object newAccessibilityNodeProviderBridge(android.support.v4.view.accessibility.AccessibilityNodeProviderCompat) -> a
android.support.v4.view.accessibility.AccessibilityNodeProviderCompat$AccessibilityNodeProviderKitKatImpl$1 -> android.support.v4.view.accessibility.AccessibilityNodeProviderCompat$AccessibilityNodeProviderKitKatImpl$1:
    android.support.v4.view.accessibility.AccessibilityNodeProviderCompat val$compat -> a
    boolean performAction(int,int,android.os.Bundle) -> a
    java.util.List findAccessibilityNodeInfosByText(java.lang.String,int) -> a
    java.lang.Object createAccessibilityNodeInfo(int) -> a
    java.lang.Object findFocus(int) -> b
android.support.v4.view.accessibility.AccessibilityNodeProviderCompat$AccessibilityNodeProviderStubImpl -> android.support.v4.view.accessibility.AccessibilityNodeProviderCompat$AccessibilityNodeProviderStubImpl:
    java.lang.Object newAccessibilityNodeProviderBridge(android.support.v4.view.accessibility.AccessibilityNodeProviderCompat) -> a
android.support.v4.view.accessibility.AccessibilityNodeProviderCompatJellyBean -> android.support.v4.view.accessibility.AccessibilityNodeProviderCompatJellyBean:
    java.lang.Object newAccessibilityNodeProviderBridge(android.support.v4.view.accessibility.AccessibilityNodeProviderCompatJellyBean$AccessibilityNodeInfoBridge) -> a
android.support.v4.view.accessibility.AccessibilityNodeProviderCompatJellyBean$1 -> android.support.v4.view.accessibility.AccessibilityNodeProviderCompatJellyBean$1:
    android.support.v4.view.accessibility.AccessibilityNodeProviderCompatJellyBean$AccessibilityNodeInfoBridge val$bridge -> a
    android.view.accessibility.AccessibilityNodeInfo createAccessibilityNodeInfo(int) -> createAccessibilityNodeInfo
    java.util.List findAccessibilityNodeInfosByText(java.lang.String,int) -> findAccessibilityNodeInfosByText
    boolean performAction(int,int,android.os.Bundle) -> performAction
android.support.v4.view.accessibility.AccessibilityNodeProviderCompatJellyBean$AccessibilityNodeInfoBridge -> android.support.v4.view.accessibility.AccessibilityNodeProviderCompatJellyBean$AccessibilityNodeInfoBridge:
    java.lang.Object createAccessibilityNodeInfo(int) -> a
    boolean performAction(int,int,android.os.Bundle) -> a
    java.util.List findAccessibilityNodeInfosByText(java.lang.String,int) -> a
android.support.v4.view.accessibility.AccessibilityNodeProviderCompatKitKat -> android.support.v4.view.accessibility.AccessibilityNodeProviderCompatKitKat:
    java.lang.Object newAccessibilityNodeProviderBridge(android.support.v4.view.accessibility.AccessibilityNodeProviderCompatKitKat$AccessibilityNodeInfoBridge) -> a