TestXMlParser/proguard/usage.txt
com.example.testtemplate.BuildConfig
com.example.testtemplate.GridBean:
    private int textColor
    private int viewType
    27:27:public int getTextColor()
    30:31:public void setTextColor(int)
com.example.testtemplate.MySingletonVolley:
    57:58:public void addToRequestQueue(com.android.volley.Request)
com.example.testtemplate.PlaceholderFragment:
    147:208:private com.example.testtemplate.PlaceholderFragment$MyPageConfig testConfigRead()
    256:270:private void skip(org.xmlpull.v1.XmlPullParser)
com.example.testtemplate.PlaceholderFragment$MyPageConfig:
    277:277:public boolean isShow()
com.example.testtemplate.Type2GridBean:
    public static final int VIEW_TYPE_01
    public static final int VIEW_TYPE_02
    public static final int VIEW_TYPE_03
...
android.support.v4.view.ScaleGestureDetectorCompat$ScaleGestureDetectorCompatKitKatImpl
android.support.v4.view.ScaleGestureDetectorCompat$ScaleGestureDetectorImpl
android.support.v4.view.ScaleGestureDetectorCompatKitKat
android.support.v4.view.VelocityTrackerCompat:
    25:51:public VelocityTrackerCompat()
    91:91:public static float getYVelocity(android.view.VelocityTracker,int)
android.support.v4.view.VelocityTrackerCompat$BaseVelocityTrackerVersionImpl:
    44:44:public float getYVelocity(android.view.VelocityTracker,int)
android.support.v4.view.VelocityTrackerCompat$HoneycombVelocityTrackerVersionImpl:
    58:58:public float getYVelocity(android.view.VelocityTracker,int)
android.support.v4.view.VelocityTrackerCompat$VelocityTrackerVersionImpl:
    public abstract float getYVelocity(android.view.VelocityTracker,int)
android.support.v4.view.VelocityTrackerCompatHoneycomb:
    24:24:VelocityTrackerCompatHoneycomb()
    29:29:public static float getYVelocity(android.view.VelocityTracker,int)
android.support.v4.view.ViewCompat:
    public static final int OVER_SCROLL_ALWAYS
    public static final int OVER_SCROLL_IF_CONTENT_SCROLLS
    public static final int OVER_SCROLL_NEVER
    private static final long FAKE_FRAME_TIME
    public static final int IMPORTANT_FOR_ACCESSIBILITY_AUTO
    public static final int IMPORTANT_FOR_ACCESSIBILITY_YES
    public static final int IMPORTANT_FOR_ACCESSIBILITY_NO
    public static final int IMPORTANT_FOR_ACCESSIBILITY_NO_HIDE_DESCENDANTS
    public static final int ACCESSIBILITY_LIVE_REGION_NONE
    public static final int ACCESSIBILITY_LIVE_REGION_POLITE
    public static final int ACCESSIBILITY_LIVE_REGION_ASSERTIVE
    public static final int LAYER_TYPE_NONE
    public static final int LAYER_TYPE_SOFTWARE
    public static final int LAYER_TYPE_HARDWARE
    public static final int LAYOUT_DIRECTION_LTR
    public static final int LAYOUT_DIRECTION_RTL
    public static final int LAYOUT_DIRECTION_INHERIT
    public static final int LAYOUT_DIRECTION_LOCALE
    public static final int MEASURED_SIZE_MASK
    public static final int MEASURED_STATE_MASK
    public static final int MEASURED_HEIGHT_STATE_SHIFT
    public static final int MEASURED_STATE_TOO_SMALL
    34:534:public ViewCompat()
    585:585:public static boolean canScrollVertically(android.view.View,int)
    614:615:public static void setOverScrollMode(android.view.View,int)
android.support.v4.view.ViewCompat$BaseViewCompatImpl:
    239:239:public boolean canScrollVertically(android.view.View,int)
    246:246:public void setOverScrollMode(android.view.View,int)
    252:252:public void onPopulateAccessibilityEvent(android.view.View,android.view.accessibility.AccessibilityEvent)
    255:255:public void onInitializeAccessibilityEvent(android.view.View,android.view.accessibility.AccessibilityEvent)
    258:258:public void onInitializeAccessibilityNodeInfo(android.view.View,android.support.v4.view.accessibility.AccessibilityNodeInfoCompat)
    261:261:public boolean hasTransientState(android.view.View)
    265:265:public void setHasTransientState(android.view.View,boolean)
    270:271:public void postInvalidateOnAnimation(android.view.View,int,int,int,int)
    276:277:public void postOnAnimationDelayed(android.view.View,java.lang.Runnable,long)
    288:288:public boolean performAccessibilityAction(android.view.View,int,android.os.Bundle)
    291:291:public android.support.v4.view.accessibility.AccessibilityNodeProviderCompat getAccessibilityNodeProvider(android.view.View)
    294:294:public float getAlpha(android.view.View)
    300:300:public int getLayerType(android.view.View)
    303:303:public int getLabelFor(android.view.View)
    307:307:public void setLabelFor(android.view.View,int)
    310:310:public void setLayerPaint(android.view.View,android.graphics.Paint)
    314:314:public int getLayoutDirection(android.view.View)